<?xml version="1.0" encoding="UTF-8"?>
<!-- Generated by org.testng.reporters.JUnitXMLReporter -->
<testsuite ignored="0" hostname="Adityas-MacBook-Pro.local" failures="0" tests="3" name="Default test" time="9.719" errors="0" timestamp="2025-04-22T14:46:14 IST">
  <testcase classname="Base.RegisterPages" name="run" time="0.928"/>
  <testcase classname="Base.RegisterPages" name="run" time="0.368"/>
  <testcase classname="Base.RegisterPages" name="run" time="0.304"/>
</testsuite> <!-- Default test -->
